[Mon, 09 Apr 18 11:02:58 +0700][ERROR] [5]: Action 'event' was not found on handler 'event'

[Mon, 09 Apr 18 11:02:59 +0700][ERROR] [5]: Action 'event' was not found on handler 'event'

[Mon, 09 Apr 18 11:03:01 +0700][ERROR] [5]: Action 'event' was not found on handler 'event'

[Mon, 09 Apr 18 11:03:03 +0700][ERROR] [5]: Action 'event' was not found on handler 'event'

[Mon, 09 Apr 18 11:03:23 +0700][ERROR] [5]: Action 'event' was not found on handler 'event'

[Mon, 09 Apr 18 11:07:55 +0700][ERROR] [5]: Action 'event' was not found on handler 'event'

[Mon, 09 Apr 18 11:09:28 +0700][ERROR] [5]: Action 'event' was not found on handler 'event'

[Mon, 09 Apr 18 11:09:30 +0700][ERROR] [5]: Action 'event' was not found on handler 'event'

[Mon, 09 Apr 18 11:09:31 +0700][ERROR] [5]: Action 'event' was not found on handler 'event'

[Mon, 09 Apr 18 11:09:40 +0700][ERROR] [5]: Action 'event' was not found on handler 'event'

[Mon, 09 Apr 18 11:09:45 +0700][ERROR] [5]: Action 'event' was not found on handler 'event'

[Mon, 09 Apr 18 11:13:06 +0700][ERROR] [2]: EditController handler class cannot be loaded

[Mon, 09 Apr 18 11:13:52 +0700][ERROR] [2]: EditController handler class cannot be loaded

[Mon, 09 Apr 18 11:14:24 +0700][ERROR] [2]: DeleteController handler class cannot be loaded

[Mon, 09 Apr 18 11:14:35 +0700][ERROR] [2]: EditController handler class cannot be loaded

[Mon, 09 Apr 18 13:25:43 +0700][ERROR] [5]: Action 'about' was not found on handler 'event'

[Mon, 09 Apr 18 13:25:46 +0700][ERROR] [5]: Action 'about' was not found on handler 'event'

[Mon, 09 Apr 18 14:35:01 +0700][ERROR] [5]: Action 'event' was not found on handler 'event'

[Mon, 09 Apr 18 14:35:02 +0700][ERROR] [5]: Action 'event' was not found on handler 'event'

[Mon, 09 Apr 18 14:35:16 +0700][ERROR] [2]: ContactController handler class cannot be loaded

[Mon, 09 Apr 18 14:35:18 +0700][ERROR] [2]: ContactController handler class cannot be loaded

[Mon, 09 Apr 18 14:37:37 +0700][ERROR] [5]: Action 'event' was not found on handler 'event'

[Mon, 09 Apr 18 14:37:48 +0700][ERROR] [5]: Action 'about' was not found on handler 'event'

[Mon, 09 Apr 18 14:37:59 +0700][ERROR] [5]: Action 'event' was not found on handler 'event'

[Mon, 09 Apr 18 14:39:28 +0700][ERROR] [5]: Action 'event' was not found on handler 'event'

