[Sun, 08 Apr 18 15:50:59 +0700][ERROR] [2]: ContactController handler class cannot be loaded

[Sun, 08 Apr 18 15:51:27 +0700][ERROR] [2]: ContactController handler class cannot be loaded

[Sun, 08 Apr 18 16:28:23 +0700][ERROR] [2]: AboutController handler class cannot be loaded

[Sun, 08 Apr 18 16:28:24 +0700][ERROR] [2]: AboutController handler class cannot be loaded

[Sun, 08 Apr 18 16:28:26 +0700][ERROR] [2]: AboutController handler class cannot be loaded

[Sun, 08 Apr 18 16:28:29 +0700][ERROR] [2]: AboutController handler class cannot be loaded

[Sun, 08 Apr 18 16:28:36 +0700][ERROR] [2]: AboutController handler class cannot be loaded

[Sun, 08 Apr 18 16:28:37 +0700][ERROR] [2]: AboutController handler class cannot be loaded

[Sun, 08 Apr 18 16:28:38 +0700][ERROR] [2]: AboutController handler class cannot be loaded

[Sun, 08 Apr 18 16:28:41 +0700][ERROR] [2]: AboutController handler class cannot be loaded

[Sun, 08 Apr 18 16:28:51 +0700][ERROR] [2]: AboutController handler class cannot be loaded

[Sun, 08 Apr 18 16:28:52 +0700][ERROR] [2]: AboutController handler class cannot be loaded

[Sun, 08 Apr 18 16:28:55 +0700][ERROR] [2]: AboutController handler class cannot be loaded

[Sun, 08 Apr 18 16:28:59 +0700][ERROR] [2]: AboutController handler class cannot be loaded

[Sun, 08 Apr 18 16:29:12 +0700][ERROR] [2]: AboutController handler class cannot be loaded

[Sun, 08 Apr 18 16:29:13 +0700][ERROR] [2]: AboutController handler class cannot be loaded

[Sun, 08 Apr 18 16:35:56 +0700][ERROR] [2]: AboutController handler class cannot be loaded

[Sun, 08 Apr 18 16:36:31 +0700][ERROR] [2]: AboutController handler class cannot be loaded

[Sun, 08 Apr 18 16:36:31 +0700][ERROR] [2]: AboutController handler class cannot be loaded

[Sun, 08 Apr 18 16:38:58 +0700][ERROR] [2]: ImagesController handler class cannot be loaded

[Sun, 08 Apr 18 16:39:02 +0700][ERROR] [2]: ImagesController handler class cannot be loaded

[Sun, 08 Apr 18 16:39:18 +0700][ERROR] [2]: ImagesController handler class cannot be loaded

[Sun, 08 Apr 18 16:39:18 +0700][ERROR] [2]: AboutController handler class cannot be loaded

[Sun, 08 Apr 18 16:40:24 +0700][ERROR] [2]: ImagesController handler class cannot be loaded

[Sun, 08 Apr 18 16:46:18 +0700][ERROR] [2]: EventController handler class cannot be loaded

[Sun, 08 Apr 18 16:51:55 +0700][ERROR] [2]: ImagesController handler class cannot be loaded

[Sun, 08 Apr 18 16:54:33 +0700][ERROR] [2]: ImagesController handler class cannot be loaded

[Sun, 08 Apr 18 16:55:55 +0700][ERROR] [2]: ImagesController handler class cannot be loaded

[Sun, 08 Apr 18 16:56:33 +0700][ERROR] [2]: ImagesController handler class cannot be loaded

[Sun, 08 Apr 18 17:04:15 +0700][ERROR] [2]: EventController handler class cannot be loaded

[Sun, 08 Apr 18 17:04:16 +0700][ERROR] [2]: EventController handler class cannot be loaded

[Sun, 08 Apr 18 17:04:23 +0700][ERROR] [2]: EventController handler class cannot be loaded

[Sun, 08 Apr 18 17:04:26 +0700][ERROR] [2]: EventController handler class cannot be loaded

[Sun, 08 Apr 18 17:04:27 +0700][ERROR] [2]: ContactController handler class cannot be loaded

[Sun, 08 Apr 18 17:04:28 +0700][ERROR] [2]: EventController handler class cannot be loaded

[Sun, 08 Apr 18 17:07:02 +0700][ERROR] [2]: EventController handler class cannot be loaded

[Sun, 08 Apr 18 17:08:31 +0700][ERROR] [2]: EventController handler class cannot be loaded

[Sun, 08 Apr 18 17:08:32 +0700][ERROR] [2]: EventController handler class cannot be loaded

[Sun, 08 Apr 18 17:08:33 +0700][ERROR] [2]: EventController handler class cannot be loaded

[Sun, 08 Apr 18 17:08:41 +0700][ERROR] [2]: EventController handler class cannot be loaded

[Sun, 08 Apr 18 17:15:00 +0700][ERROR] [2]: EventController handler class cannot be loaded

[Sun, 08 Apr 18 17:15:03 +0700][ERROR] [2]: EventController handler class cannot be loaded

[Sun, 08 Apr 18 17:36:29 +0700][ERROR] [2]: EventController handler class cannot be loaded

[Sun, 08 Apr 18 17:36:33 +0700][ERROR] [2]: EventController handler class cannot be loaded

[Sun, 08 Apr 18 17:36:34 +0700][ERROR] [2]: ContactController handler class cannot be loaded

[Sun, 08 Apr 18 17:36:35 +0700][ERROR] [2]: EventController handler class cannot be loaded

[Sun, 08 Apr 18 17:37:14 +0700][ERROR] [2]: CssController handler class cannot be loaded

[Sun, 08 Apr 18 17:37:19 +0700][ERROR] [2]: CssController handler class cannot be loaded

[Sun, 08 Apr 18 17:37:22 +0700][ERROR] [2]: EventController handler class cannot be loaded

[Sun, 08 Apr 18 17:37:22 +0700][ERROR] [2]: CssController handler class cannot be loaded

[Sun, 08 Apr 18 17:37:23 +0700][ERROR] [2]: CssController handler class cannot be loaded

[Sun, 08 Apr 18 17:37:24 +0700][ERROR] [2]: ContactController handler class cannot be loaded

[Sun, 08 Apr 18 17:37:24 +0700][ERROR] [2]: CssController handler class cannot be loaded

[Sun, 08 Apr 18 17:37:25 +0700][ERROR] [2]: CssController handler class cannot be loaded

[Sun, 08 Apr 18 17:37:34 +0700][ERROR] [2]: CssController handler class cannot be loaded

[Sun, 08 Apr 18 17:40:43 +0700][ERROR] [2]: EventController handler class cannot be loaded

[Sun, 08 Apr 18 17:40:45 +0700][ERROR] [2]: ContactController handler class cannot be loaded

[Sun, 08 Apr 18 17:40:53 +0700][ERROR] [2]: ContactController handler class cannot be loaded

[Sun, 08 Apr 18 18:59:03 +0700][ERROR] [2]: ContactController handler class cannot be loaded

[Sun, 08 Apr 18 18:59:05 +0700][ERROR] [2]: ContactController handler class cannot be loaded

[Sun, 08 Apr 18 19:00:40 +0700][ERROR] [2]: ContactController handler class cannot be loaded

[Sun, 08 Apr 18 19:00:43 +0700][ERROR] [2]: ContactController handler class cannot be loaded

[Sun, 08 Apr 18 19:06:49 +0700][ERROR] [2]: ContactController handler class cannot be loaded

[Sun, 08 Apr 18 19:12:36 +0700][ERROR] [5]: Action 'about' was not found on handler 'authen'

[Sun, 08 Apr 18 19:12:36 +0700][ERROR] [5]: Action 'contact' was not found on handler 'authen'

[Sun, 08 Apr 18 19:12:37 +0700][ERROR] [5]: Action 'contact' was not found on handler 'authen'

[Sun, 08 Apr 18 19:12:38 +0700][ERROR] [5]: Action 'about' was not found on handler 'authen'

[Sun, 08 Apr 18 19:12:39 +0700][ERROR] [5]: Action 'event' was not found on handler 'authen'

[Sun, 08 Apr 18 19:12:41 +0700][ERROR] [5]: Action 'event' was not found on handler 'authen'

[Sun, 08 Apr 18 19:12:42 +0700][ERROR] [5]: Action 'about' was not found on handler 'authen'

[Sun, 08 Apr 18 19:12:43 +0700][ERROR] [5]: Action 'event' was not found on handler 'authen'

[Sun, 08 Apr 18 19:12:46 +0700][ERROR] [5]: Action 'event' was not found on handler 'authen'

[Sun, 08 Apr 18 19:12:55 +0700][ERROR] [5]: Action 'about' was not found on handler 'authen'

[Sun, 08 Apr 18 19:13:19 +0700][ERROR] [5]: Action 'authen' was not found on handler 'authen'

[Sun, 08 Apr 18 19:13:20 +0700][ERROR] [5]: Action 'authen' was not found on handler 'authen'

[Sun, 08 Apr 18 19:13:59 +0700][ERROR] [5]: Action 'authen' was not found on handler 'authen'

[Sun, 08 Apr 18 19:14:02 +0700][ERROR] [5]: Action 'authen' was not found on handler 'authen'

[Sun, 08 Apr 18 19:14:07 +0700][ERROR] [5]: Action 'about' was not found on handler 'authen'

[Sun, 08 Apr 18 19:14:12 +0700][ERROR] [5]: Action 'about' was not found on handler 'authen'

[Sun, 08 Apr 18 19:14:17 +0700][ERROR] [2]: ContactController handler class cannot be loaded

[Sun, 08 Apr 18 19:14:50 +0700][ERROR] [2]: ContactController handler class cannot be loaded

[Sun, 08 Apr 18 19:16:48 +0700][ERROR] [2]: ContactController handler class cannot be loaded

[Sun, 08 Apr 18 19:16:55 +0700][ERROR] [2]: ContactController handler class cannot be loaded

[Sun, 08 Apr 18 19:17:03 +0700][ERROR] [2]: ContactController handler class cannot be loaded

[Sun, 08 Apr 18 23:39:38 +0700][ERROR] [2]: ContactController handler class cannot be loaded

[Sun, 08 Apr 18 23:39:47 +0700][ERROR] [2]: ContactController handler class cannot be loaded

