[Sat, 07 Apr 18 00:00:39 +0700][ERROR] [2]: AboutController handler class cannot be loaded

[Sat, 07 Apr 18 00:23:44 +0700][ERROR] [2]: EventController handler class cannot be loaded

[Sat, 07 Apr 18 00:23:55 +0700][ERROR] [2]: EventController handler class cannot be loaded

[Sat, 07 Apr 18 00:24:18 +0700][ERROR] [2]: EventController handler class cannot be loaded

[Sat, 07 Apr 18 00:24:26 +0700][ERROR] [2]: ContactController handler class cannot be loaded

[Sat, 07 Apr 18 00:26:59 +0700][ERROR] [2]: ContactController handler class cannot be loaded

[Sat, 07 Apr 18 00:28:21 +0700][ERROR] [2]: ContactController handler class cannot be loaded

[Sat, 07 Apr 18 00:37:34 +0700][ERROR] [2]: ContactController handler class cannot be loaded

[Sat, 07 Apr 18 00:55:10 +0700][ERROR] [2]: AddController handler class cannot be loaded

[Sat, 07 Apr 18 00:55:27 +0700][ERROR] [5]: Action 'add' was not found on handler 'event'

[Sat, 07 Apr 18 00:58:13 +0700][ERROR] [5]: Action 'event' was not found on handler 'event'

[Sat, 07 Apr 18 00:58:37 +0700][ERROR] [5]: Action 'add' was not found on handler 'event'

[Sat, 07 Apr 18 00:58:41 +0700][ERROR] [5]: Action 'add' was not found on handler 'event'

[Sat, 07 Apr 18 01:00:32 +0700][ERROR] [5]: Action 'index' was not found on handler 'event'

[Sat, 07 Apr 18 01:00:51 +0700][ERROR] [2]: AddController handler class cannot be loaded

[Sat, 07 Apr 18 01:01:10 +0700][ERROR] [2]: AddController handler class cannot be loaded

[Sat, 07 Apr 18 01:01:26 +0700][ERROR] [2]: AddController handler class cannot be loaded

[Sat, 07 Apr 18 01:12:31 +0700][ERROR] [2]: ContactController handler class cannot be loaded

[Sat, 07 Apr 18 01:12:44 +0700][ERROR] [2]: ContactController handler class cannot be loaded

[Sat, 07 Apr 18 01:33:42 +0700][ERROR] [5]: Action 'authen' was not found on handler 'event'

[Sat, 07 Apr 18 01:33:44 +0700][ERROR] [5]: Action 'authen' was not found on handler 'event'

[Sat, 07 Apr 18 01:33:46 +0700][ERROR] [5]: Action 'authen' was not found on handler 'event'

[Sat, 07 Apr 18 01:33:47 +0700][ERROR] [5]: Action 'authen' was not found on handler 'event'

[Sat, 07 Apr 18 01:33:48 +0700][ERROR] [5]: Action 'authen' was not found on handler 'event'

[Sat, 07 Apr 18 01:35:41 +0700][ERROR] [2]: ContactController handler class cannot be loaded

[Sat, 07 Apr 18 02:37:35 +0700][ERROR] [2]: EditController handler class cannot be loaded

[Sat, 07 Apr 18 02:37:38 +0700][ERROR] [2]: EditController handler class cannot be loaded

[Sat, 07 Apr 18 02:38:30 +0700][ERROR] [2]: EditController handler class cannot be loaded

[Sat, 07 Apr 18 02:38:32 +0700][ERROR] [2]: EditController handler class cannot be loaded

[Sat, 07 Apr 18 02:41:24 +0700][ERROR] [2]: EditController handler class cannot be loaded

[Sat, 07 Apr 18 02:41:35 +0700][ERROR] [2]: EditController handler class cannot be loaded

[Sat, 07 Apr 18 02:46:33 +0700][ERROR] [2]: DeleteController handler class cannot be loaded

[Sat, 07 Apr 18 02:46:37 +0700][ERROR] [2]: DeleteController handler class cannot be loaded

[Sat, 07 Apr 18 02:51:19 +0700][ERROR] [2]: DeleteController handler class cannot be loaded

[Sat, 07 Apr 18 02:51:22 +0700][ERROR] [2]: DeleteController handler class cannot be loaded

[Sat, 07 Apr 18 02:51:44 +0700][ERROR] [2]: DeleteController handler class cannot be loaded

[Sat, 07 Apr 18 02:52:28 +0700][ERROR] [2]: DeleteController handler class cannot be loaded

[Sat, 07 Apr 18 02:57:26 +0700][ERROR] [2]: DeleteController handler class cannot be loaded

[Sat, 07 Apr 18 02:57:31 +0700][ERROR] [2]: DeleteController handler class cannot be loaded

[Sat, 07 Apr 18 03:01:20 +0700][ERROR] [2]: EditController handler class cannot be loaded

[Sat, 07 Apr 18 03:01:57 +0700][ERROR] [2]: EditController handler class cannot be loaded

[Sat, 07 Apr 18 03:16:21 +0700][ERROR] [2]: ContactController handler class cannot be loaded

[Sat, 07 Apr 18 03:16:45 +0700][ERROR] [2]: ContactController handler class cannot be loaded

[Sat, 07 Apr 18 03:16:47 +0700][ERROR] [2]: ContactController handler class cannot be loaded

[Sat, 07 Apr 18 03:18:01 +0700][ERROR] [2]: ContactController handler class cannot be loaded

[Sat, 07 Apr 18 03:37:50 +0700][ERROR] [5]: Action 'add.phtml' was not found on handler 'event'

[Sat, 07 Apr 18 03:48:03 +0700][ERROR] [2]: ContactController handler class cannot be loaded

[Sat, 07 Apr 18 03:48:05 +0700][ERROR] [2]: ContactController handler class cannot be loaded

[Sat, 07 Apr 18 03:49:33 +0700][ERROR] [2]: ContactController handler class cannot be loaded

